#
# There is insufficient memory for the Java Runtime Environment to continue.
# Native memory allocation (mmap) failed to map 132120576 bytes. Error detail: G1 virtual space
# Possible reasons:
#   The system is out of physical RAM or swap space
#   This process is running with CompressedOops enabled, and the Java Heap may be blocking the growth of the native heap
# Possible solutions:
#   Reduce memory load on the system
#   Increase physical memory or swap space
#   Check if swap backing store is full
#   Decrease Java heap size (-Xmx/-Xms)
#   Decrease number of Java threads
#   Decrease Java thread stack sizes (-Xss)
#   Set larger code cache with -XX:ReservedCodeCacheSize=
#   JVM is running with Unscaled Compressed Oops mode in which the Java heap is
#     placed in the first 4GB address space. The Java Heap base address is the
#     maximum limit for the native heap growth. Please use -XX:HeapBaseMinAddress
#     to set the Java Heap base and to place the Java Heap above 4GB virtual address.
# This output file may be truncated or incomplete.
#
#  Out of Memory Error (os_windows.cpp:3898), pid=19548, tid=3068
#
# JRE version:  (21.0.6+8) (build )
# Java VM: OpenJDK 64-Bit Server VM (21.0.6+8-b631.39, mixed mode, sharing, tiered, compressed oops, compressed class ptrs, g1 gc, windows-amd64)
# No core dump will be written. Minidumps are not enabled by default on client versions of Windows
#

---------------  S U M M A R Y ------------

Command Line: git4idea.http.GitAskPassApp Username for 'https://github.com': 

Host: Intel(R) Core(TM) i7-8550U CPU @ 1.80GHz, 8 cores, 7G,  Windows 11 , 64 bit Build 22621 (10.0.22621.3958)
Time: Wed Apr 23 00:24:38 2025 Nepal Standard Time elapsed time: 0.038963 seconds (0d 0h 0m 0s)

---------------  T H R E A D  ---------------

Current thread (0x000002955ac7ee30):  JavaThread "Unknown thread" [_thread_in_vm, id=3068, stack(0x000000efda500000,0x000000efda600000) (1024K)]

Stack: [0x000000efda500000,0x000000efda600000]
Native frames: (J=compiled Java code, j=interpreted, Vv=VM code, C=native code)
V  [jvm.dll+0x6e5d39]
V  [jvm.dll+0x8c4133]
V  [jvm.dll+0x8c668e]
V  [jvm.dll+0x8c6d73]
V  [jvm.dll+0x288f76]
V  [jvm.dll+0x6e25f5]
V  [jvm.dll+0x6d60aa]
V  [jvm.dll+0x3635bb]
V  [jvm.dll+0x36b186]
V  [jvm.dll+0x3bd4b6]
V  [jvm.dll+0x3bd788]
V  [jvm.dll+0x335d2c]
V  [jvm.dll+0x336a1b]
V  [jvm.dll+0x88b589]
V  [jvm.dll+0x3ca688]
V  [jvm.dll+0x874698]
V  [jvm.dll+0x45f04e]
V  [jvm.dll+0x460d31]
C  [jli.dll+0x52ab]
C  [ucrtbase.dll+0x29333]
C  [KERNEL32.DLL+0x1257d]
C  [ntdll.dll+0x5af08]


---------------  P R O C E S S  ---------------

Threads class SMR info:
_java_thread_list=0x00007ffd29dfa148, length=0, elements={
}

Java Threads: ( => current thread )
Total: 0

Other Threads:
  0x000002955acd2710 WorkerThread "GC Thread#0"                     [id=2720, stack(0x000000efda600000,0x000000efda700000) (1024K)]
  0x000002955ace33a0 ConcurrentGCThread "G1 Main Marker"            [id=16348, stack(0x000000efda700000,0x000000efda800000) (1024K)]
  0x000002955ace4640 WorkerThread "G1 Conc#0"                       [id=21392, stack(0x000000efda800000,0x000000efda900000) (1024K)]

[error occurred during error reporting (printing all threads), id 0xc0000005, EXCEPTION_ACCESS_VIOLATION (0xc0000005) at pc=0x00007ffd294e8de7]
VM state: not at safepoint (not fully initialized)

VM Mutex/Monitor currently owned by a thread:  ([mutex/lock_event])
[0x00007ffd29e6eb30] Heap_lock - owner thread: 0x000002955ac7ee30

Heap address: 0x0000000082800000, size: 2008 MB, Compressed Oops mode: 32-bit

CDS archive(s) mapped at: [0x0000000000000000-0x0000000000000000-0x0000000000000000), size 0, SharedBaseAddress: 0x0000000800000000, ArchiveRelocationMode: 1.
Narrow klass base: 0x0000000000000000, Narrow klass shift: 0, Narrow klass range: 0x0

GC Precious Log:
 CardTable entry size: 512
 Card Set container configuration: InlinePtr #cards 5 size 8 Array Of Cards #cards 12 size 40 Howl #buckets 4 coarsen threshold 1843 Howl Bitmap #cards 512 size 80 coarsen threshold 460 Card regions per heap region 1 cards per card region 2048

Heap:
 garbage-first heap   total 0K, used 0K [0x0000000082800000, 0x0000000100000000)
  region size 1024K, 0 young (0K), 0 survivors (0K)
 Metaspace       used 0K, committed 0K, reserved 0K
  class space    used 0K, committed 0K, reserved 0K

Heap Regions: E=young(eden), S=young(survivor), O=old, HS=humongous(starts), HC=humongous(continues), CS=collection set, F=free, TAMS=top-at-mark-start, PB=parsable bottom

Card table byte_map: [0x000002956e330000,0x000002956e720000] _byte_map_base: 0x000002956df1c000

Marking Bits: (CMBitMap*) 0x000002955acd2e10
 Bits: [0x000002956e720000, 0x0000029570680000)

GC Heap History (0 events):
No events

Dll operation events (1 events):
Event: 0.021 Loaded shared library C:\Program Files\JetBrains\IntelliJ IDEA 2024.3.5\jbr\bin\java.dll

Deoptimization events (0 events):
No events

Classes loaded (0 events):
No events

Classes unloaded (0 events):
No events

Classes redefined (0 events):
No events

Internal exceptions (0 events):
No events

ZGC Phase Switch (0 events):
No events

VM Operations (0 events):
No events

Memory protections (0 events):
No events

Nmethod flushes (0 events):
No events

Events (0 events):
No events


Dynamic libraries:
0x00007ff74b000000 - 0x00007ff74b00a000 	C:\Program Files\JetBrains\IntelliJ IDEA 2024.3.5\jbr\bin\java.exe
0x00007ffdd2810000 - 0x00007ffdd2a27000 	C:\Windows\SYSTEM32\ntdll.dll
0x00007ffdd1c50000 - 0x00007ffdd1d14000 	C:\Windows\System32\KERNEL32.DLL
0x00007ffdcfce0000 - 0x00007ffdd0097000 	C:\Windows\System32\KERNELBASE.dll
0x00007ffdcfb20000 - 0x00007ffdcfc31000 	C:\Windows\System32\ucrtbase.dll
0x00007ffda8650000 - 0x00007ffda866b000 	C:\Program Files\JetBrains\IntelliJ IDEA 2024.3.5\jbr\bin\VCRUNTIME140.dll
0x00007ffda92d0000 - 0x00007ffda92e8000 	C:\Program Files\JetBrains\IntelliJ IDEA 2024.3.5\jbr\bin\jli.dll
0x00007ffdd13c0000 - 0x00007ffdd156f000 	C:\Windows\System32\USER32.dll
0x00007ffdd0510000 - 0x00007ffdd0536000 	C:\Windows\System32\win32u.dll
0x00007ffdd05a0000 - 0x00007ffdd05c9000 	C:\Windows\System32\GDI32.dll
0x00007ffdd00a0000 - 0x00007ffdd01b8000 	C:\Windows\System32\gdi32full.dll
0x00007ffdb46e0000 - 0x00007ffdb4973000 	C:\Windows\WinSxS\amd64_microsoft.windows.common-controls_6595b64144ccf1df_6.0.22621.3672_none_2713b9d173822955\COMCTL32.dll
0x00007ffdd0a80000 - 0x00007ffdd0b27000 	C:\Windows\System32\msvcrt.dll
0x00007ffdcfc40000 - 0x00007ffdcfcda000 	C:\Windows\System32\msvcp_win.dll
0x00007ffdd0560000 - 0x00007ffdd0591000 	C:\Windows\System32\IMM32.DLL
0x00007ffdafa20000 - 0x00007ffdafa2c000 	C:\Program Files\JetBrains\IntelliJ IDEA 2024.3.5\jbr\bin\vcruntime140_1.dll
0x00007ffd89f40000 - 0x00007ffd89fcd000 	C:\Program Files\JetBrains\IntelliJ IDEA 2024.3.5\jbr\bin\msvcp140.dll
0x00007ffd291a0000 - 0x00007ffd29f61000 	C:\Program Files\JetBrains\IntelliJ IDEA 2024.3.5\jbr\bin\server\jvm.dll
0x00007ffdd1d20000 - 0x00007ffdd1dd2000 	C:\Windows\System32\ADVAPI32.dll
0x00007ffdd1e60000 - 0x00007ffdd1f08000 	C:\Windows\System32\sechost.dll
0x00007ffdd01c0000 - 0x00007ffdd01e8000 	C:\Windows\System32\bcrypt.dll
0x00007ffdd0bd0000 - 0x00007ffdd0ce4000 	C:\Windows\System32\RPCRT4.dll
0x00007ffdd0b50000 - 0x00007ffdd0bc1000 	C:\Windows\System32\WS2_32.dll
0x00007ffdce990000 - 0x00007ffdce9dd000 	C:\Windows\SYSTEM32\POWRPROF.dll
0x00007ffdcb030000 - 0x00007ffdcb064000 	C:\Windows\SYSTEM32\WINMM.dll
0x00007ffdcb580000 - 0x00007ffdcb58a000 	C:\Windows\SYSTEM32\VERSION.dll
0x00007ffdce970000 - 0x00007ffdce983000 	C:\Windows\SYSTEM32\UMPDC.dll
0x00007ffdcec20000 - 0x00007ffdcec38000 	C:\Windows\SYSTEM32\kernel.appcore.dll
0x00007ffda8640000 - 0x00007ffda864a000 	C:\Program Files\JetBrains\IntelliJ IDEA 2024.3.5\jbr\bin\jimage.dll
0x00007ffdcd480000 - 0x00007ffdcd6b2000 	C:\Windows\SYSTEM32\DBGHELP.DLL
0x00007ffdd0eb0000 - 0x00007ffdd123e000 	C:\Windows\System32\combase.dll
0x00007ffdd05d0000 - 0x00007ffdd06a7000 	C:\Windows\System32\OLEAUT32.dll
0x00007ffdba120000 - 0x00007ffdba152000 	C:\Windows\SYSTEM32\dbgcore.DLL
0x00007ffdd03d0000 - 0x00007ffdd044b000 	C:\Windows\System32\bcryptPrimitives.dll
0x00007ffd9c950000 - 0x00007ffd9c970000 	C:\Program Files\JetBrains\IntelliJ IDEA 2024.3.5\jbr\bin\java.dll

dbghelp: loaded successfully - version: 4.0.5 - missing functions: none
symbol engine: initialized successfully - sym options: 0x614 - pdb path: .;C:\Program Files\JetBrains\IntelliJ IDEA 2024.3.5\jbr\bin;C:\Windows\SYSTEM32;C:\Windows\WinSxS\amd64_microsoft.windows.common-controls_6595b64144ccf1df_6.0.22621.3672_none_2713b9d173822955;C:\Program Files\JetBrains\IntelliJ IDEA 2024.3.5\jbr\bin\server

VM Arguments:
java_command: git4idea.http.GitAskPassApp Username for 'https://github.com': 
java_class_path (initial): C:/Program Files/JetBrains/IntelliJ IDEA 2024.3.5/plugins/vcs-git/lib/git4idea-rt.jar;C:/Program Files/JetBrains/IntelliJ IDEA 2024.3.5/lib/externalProcess-rt.jar
Launcher Type: SUN_STANDARD

[Global flags]
     intx CICompilerCount                          = 4                                         {product} {ergonomic}
     uint ConcGCThreads                            = 2                                         {product} {ergonomic}
     uint G1ConcRefinementThreads                  = 8                                         {product} {ergonomic}
   size_t G1HeapRegionSize                         = 1048576                                   {product} {ergonomic}
    uintx GCDrainStackTargetSize                   = 64                                        {product} {ergonomic}
   size_t InitialHeapSize                          = 132120576                                 {product} {ergonomic}
   size_t MarkStackSize                            = 4194304                                   {product} {ergonomic}
   size_t MaxHeapSize                              = 2105540608                                {product} {ergonomic}
   size_t MinHeapDeltaBytes                        = 1048576                                   {product} {ergonomic}
   size_t MinHeapSize                              = 8388608                                   {product} {ergonomic}
    uintx NonNMethodCodeHeapSize                   = 5839372                                {pd product} {ergonomic}
    uintx NonProfiledCodeHeapSize                  = 122909434                              {pd product} {ergonomic}
    uintx ProfiledCodeHeapSize                     = 122909434                              {pd product} {ergonomic}
    uintx ReservedCodeCacheSize                    = 251658240                              {pd product} {ergonomic}
     bool SegmentedCodeCache                       = true                                      {product} {ergonomic}
   size_t SoftMaxHeapSize                          = 2105540608                             {manageable} {ergonomic}
     bool UseCompressedOops                        = true                           {product lp64_product} {ergonomic}
     bool UseG1GC                                  = true                                      {product} {ergonomic}
     bool UseLargePagesIndividualAllocation        = false                                  {pd product} {ergonomic}

Logging:
Log output configuration:
 #0: stdout all=warning uptime,level,tags foldmultilines=false
 #1: stderr all=off uptime,level,tags foldmultilines=false

Environment Variables:
JAVA_HOME=C:\Program Files\Java\jdk-22
PATH=C:\Program Files\Git\mingw64\libexec\git-core;C:\Program Files\Git\mingw64\libexec\git-core;C:\Program Files\Git\mingw64\bin;C:\Program Files\Git\usr\bin;C:\Users\Everest\bin;C:\Program Files (x86)\VMware\VMware Workstation\bin;C:\Python312\Scripts;C:\Python312;C:\Program Files\Common Files\Oracle\Java\javapath;C:\Program Files (x86)\Common Files\Oracle\Java\java8path;C:\Program Files (x86)\Common Files\Oracle\Java\javapath;C:\Windows\system32;C:\Windows;C:\Windows\System32\Wbem;C:\Windows\System32\WindowsPowerShell\v1.0;C:\Windows\System32\OpenSSH;C:\Program Files\dotnet;C:\Program Files\nodejs;C:\ProgramData\chocolatey\bin;C:\Program Files\Java\jdk-23;C:\Users\Everest\Downloads\apache-maven-3.9.9\bin;C:\Users\Everest\Desktop\OpenJDK-23\bin;C:\Program Files\Git\cmd;C:\Program Files\MongoDB\Server\8.0\bin;C:\apache-maven-3.9.9\bin;C:\Program Files\Docker\Docker\resources\bin;C:\Users\Everest\Desktop\gradle-8.13\bin;C:\Users\Everest\.console-ninja\.bin;C:\Users\Everest\AppData\Local\Microsoft\WindowsApps;C:\Users\Everest\AppData\Local\Programs\Microsoft VS Code\bin;C:\Program Files\JetBrains\IntelliJ IDEA 2024.1.2\bin;C:\Users\Everest\AppData\Roaming\npm;C:\Program Files\Java\jdk-23;C:\Program Files\JetBrains\IntelliJ IDEA 2024.3.5\bin;C:\Users\Everest\.bun\bin;C:\Program Files\mongosh
USERNAME=Everest
DISPLAY=:0.0
LC_ALL=en_US.UTF-8
TERM=xterm-256color
TMPDIR=C:\Users\Everest\AppData\Local\Temp
OS=Windows_NT
PROCESSOR_IDENTIFIER=Intel64 Family 6 Model 142 Stepping 10, GenuineIntel
TMP=C:\Users\Everest\AppData\Local\Temp
TEMP=C:\Users\Everest\AppData\Local\Temp




Periodic native trim disabled

JNI global refs:
JNI global refs: 0, weak refs: 0

JNI global refs memory usage: 0, weak refs: 0

Process memory usage:
Resident Set Size: 11676K (0% of 8217764K total physical memory with 308032K free physical memory)

OOME stack traces (most recent first):
Classloader memory used:

---------------  S Y S T E M  ---------------

OS:
 Windows 11 , 64 bit Build 22621 (10.0.22621.3958)
OS uptime: 0 days 16:42 hours
Hyper-V role detected

CPU: total 8 (initial active 8) (4 cores per cpu, 2 threads per core) family 6 model 142 stepping 10 microcode 0xf0, cx8, cmov, fxsr, ht, mmx, 3dnowpref, sse, sse2, sse3, ssse3, sse4.1, sse4.2, popcnt, lzcnt, tsc, tscinvbit, avx, avx2, aes, erms, clmul, bmi1, bmi2, adx, fma, vzeroupper, clflush, clflushopt, hv, rdtscp, f16c
Processor Information for the first 8 processors :
  Max Mhz: 1992, Current Mhz: 1792, Mhz Limit: 1792

Memory: 4k page, system-wide physical 8025M (300M free)
TotalPageFile size 25666M (AvailPageFile size 88M)
current process WorkingSet (physical memory assigned to process): 11M, peak: 11M
current process commit charge ("private bytes"): 60M, peak: 186M

vm_info: OpenJDK 64-Bit Server VM (21.0.6+8-b631.39) for windows-amd64 JRE (21.0.6+8-b631.39), built on 2025-02-04 by "builduser" with MS VC++ 16.10 / 16.11 (VS2019)

END.
